<?xml version="1.0" encoding="UTF-8"?>
<!-- Generated by org.testng.reporters.JUnitReportReporter -->
<testsuite hostname="MSI" failures="0" tests="31" name="com.dsalgoportal.testrunner.TestNGTestRunner" time="37.789" errors="0" timestamp="2023-09-13T19:07:39 CDT" skipped="0">
  <testcase classname="com.dsalgoportal.testrunner.TestNGTestRunner" name="runScenario" time="0.221"/>
  <testcase classname="com.dsalgoportal.testrunner.TestNGTestRunner" name="runScenario" time="0.357"/>
  <testcase classname="com.dsalgoportal.testrunner.TestNGTestRunner" name="runScenario" time="0.262"/>
  <testcase classname="com.dsalgoportal.testrunner.TestNGTestRunner" name="runScenario" time="3.436"/>
  <testcase classname="com.dsalgoportal.testrunner.TestNGTestRunner" name="runScenario" time="0.231"/>
  <testcase classname="com.dsalgoportal.testrunner.TestNGTestRunner" name="runScenario" time="0.339"/>
  <testcase classname="com.dsalgoportal.testrunner.TestNGTestRunner" name="runScenario" time="3.603"/>
  <testcase classname="com.dsalgoportal.testrunner.TestNGTestRunner" name="runScenario" time="0.230"/>
  <testcase classname="com.dsalgoportal.testrunner.TestNGTestRunner" name="runScenario" time="0.515"/>
  <testcase classname="com.dsalgoportal.testrunner.TestNGTestRunner" name="runScenario" time="3.477"/>
  <testcase classname="com.dsalgoportal.testrunner.TestNGTestRunner" name="runScenario" time="0.612"/>
  <testcase classname="com.dsalgoportal.testrunner.TestNGTestRunner" name="runScenario" time="3.381"/>
  <testcase classname="com.dsalgoportal.testrunner.TestNGTestRunner" name="runScenario" time="3.576"/>
  <testcase classname="com.dsalgoportal.testrunner.TestNGTestRunner" name="runScenario" time="0.315"/>
  <testcase classname="com.dsalgoportal.testrunner.TestNGTestRunner" name="runScenario" time="3.596"/>
  <testcase classname="com.dsalgoportal.testrunner.TestNGTestRunner" name="runScenario" time="1.493"/>
  <testcase classname="com.dsalgoportal.testrunner.TestNGTestRunner" name="runScenario" time="0.265"/>
  <testcase classname="com.dsalgoportal.testrunner.TestNGTestRunner" name="runScenario" time="0.241"/>
  <testcase classname="com.dsalgoportal.testrunner.TestNGTestRunner" name="runScenario" time="0.279"/>
  <testcase classname="com.dsalgoportal.testrunner.TestNGTestRunner" name="runScenario" time="0.226"/>
  <testcase classname="com.dsalgoportal.testrunner.TestNGTestRunner" name="runScenario" time="0.245"/>
  <testcase classname="com.dsalgoportal.testrunner.TestNGTestRunner" name="runScenario" time="3.474"/>
  <testcase classname="com.dsalgoportal.testrunner.TestNGTestRunner" name="runScenario" time="3.580"/>
  <testcase classname="com.dsalgoportal.testrunner.TestNGTestRunner" name="runScenario" time="0.249"/>
  <testcase classname="com.dsalgoportal.testrunner.TestNGTestRunner" name="runScenario" time="0.666"/>
  <testcase classname="com.dsalgoportal.testrunner.TestNGTestRunner" name="runScenario" time="0.241"/>
  <testcase classname="com.dsalgoportal.testrunner.TestNGTestRunner" name="runScenario" time="0.932"/>
  <testcase classname="com.dsalgoportal.testrunner.TestNGTestRunner" name="runScenario" time="0.534"/>
  <testcase classname="com.dsalgoportal.testrunner.TestNGTestRunner" name="runScenario" time="0.521"/>
  <testcase classname="com.dsalgoportal.testrunner.TestNGTestRunner" name="runScenario" time="0.181"/>
  <testcase classname="com.dsalgoportal.testrunner.TestNGTestRunner" name="runScenario" time="0.511"/>
</testsuite> <!-- com.dsalgoportal.testrunner.TestNGTestRunner -->
