<?xml version="1.0" encoding="UTF-8"?>
<!-- Generated by org.testng.reporters.JUnitReportReporter -->
<testsuite hostname="Anish-PC" failures="0" tests="46" name="com.dsalgoportal.testrunner.TestNGTestRunner" time="43.436" errors="0" timestamp="2023-08-28T21:54:53 CDT" skipped="0">
  <testcase classname="com.dsalgoportal.testrunner.TestNGTestRunner" name="runScenario" time="1.077"/>
  <testcase classname="com.dsalgoportal.testrunner.TestNGTestRunner" name="runScenario" time="0.605"/>
  <testcase classname="com.dsalgoportal.testrunner.TestNGTestRunner" name="runScenario" time="1.033"/>
  <testcase classname="com.dsalgoportal.testrunner.TestNGTestRunner" name="runScenario" time="0.943"/>
  <testcase classname="com.dsalgoportal.testrunner.TestNGTestRunner" name="runScenario" time="1.123"/>
  <testcase classname="com.dsalgoportal.testrunner.TestNGTestRunner" name="runScenario" time="0.330"/>
  <testcase classname="com.dsalgoportal.testrunner.TestNGTestRunner" name="runScenario" time="1.052"/>
  <testcase classname="com.dsalgoportal.testrunner.TestNGTestRunner" name="runScenario" time="0.828"/>
  <testcase classname="com.dsalgoportal.testrunner.TestNGTestRunner" name="runScenario" time="0.913"/>
  <testcase classname="com.dsalgoportal.testrunner.TestNGTestRunner" name="runScenario" time="0.332"/>
  <testcase classname="com.dsalgoportal.testrunner.TestNGTestRunner" name="runScenario" time="1.435"/>
  <testcase classname="com.dsalgoportal.testrunner.TestNGTestRunner" name="runScenario" time="0.474"/>
  <testcase classname="com.dsalgoportal.testrunner.TestNGTestRunner" name="runScenario" time="3.573"/>
  <testcase classname="com.dsalgoportal.testrunner.TestNGTestRunner" name="runScenario" time="1.258"/>
  <testcase classname="com.dsalgoportal.testrunner.TestNGTestRunner" name="runScenario" time="0.823"/>
  <testcase classname="com.dsalgoportal.testrunner.TestNGTestRunner" name="runScenario" time="0.324"/>
  <testcase classname="com.dsalgoportal.testrunner.TestNGTestRunner" name="runScenario" time="1.226"/>
  <testcase classname="com.dsalgoportal.testrunner.TestNGTestRunner" name="runScenario" time="1.245"/>
  <testcase classname="com.dsalgoportal.testrunner.TestNGTestRunner" name="runScenario" time="0.717"/>
  <testcase classname="com.dsalgoportal.testrunner.TestNGTestRunner" name="runScenario" time="0.715"/>
  <testcase classname="com.dsalgoportal.testrunner.TestNGTestRunner" name="runScenario" time="1.154"/>
  <testcase classname="com.dsalgoportal.testrunner.TestNGTestRunner" name="runScenario" time="1.156"/>
  <testcase classname="com.dsalgoportal.testrunner.TestNGTestRunner" name="runScenario" time="0.584"/>
  <testcase classname="com.dsalgoportal.testrunner.TestNGTestRunner" name="runScenario" time="0.948"/>
  <testcase classname="com.dsalgoportal.testrunner.TestNGTestRunner" name="runScenario" time="1.095"/>
  <testcase classname="com.dsalgoportal.testrunner.TestNGTestRunner" name="runScenario" time="0.688"/>
  <testcase classname="com.dsalgoportal.testrunner.TestNGTestRunner" name="runScenario" time="0.303"/>
  <testcase classname="com.dsalgoportal.testrunner.TestNGTestRunner" name="runScenario" time="1.042"/>
  <testcase classname="com.dsalgoportal.testrunner.TestNGTestRunner" name="runScenario" time="0.881"/>
  <testcase classname="com.dsalgoportal.testrunner.TestNGTestRunner" name="runScenario" time="0.418"/>
  <testcase classname="com.dsalgoportal.testrunner.TestNGTestRunner" name="runScenario" time="1.143"/>
  <testcase classname="com.dsalgoportal.testrunner.TestNGTestRunner" name="runScenario" time="1.906"/>
  <testcase classname="com.dsalgoportal.testrunner.TestNGTestRunner" name="runScenario" time="0.778"/>
  <testcase classname="com.dsalgoportal.testrunner.TestNGTestRunner" name="runScenario" time="1.044"/>
  <testcase classname="com.dsalgoportal.testrunner.TestNGTestRunner" name="runScenario" time="0.312"/>
  <testcase classname="com.dsalgoportal.testrunner.TestNGTestRunner" name="runScenario" time="1.015"/>
  <testcase classname="com.dsalgoportal.testrunner.TestNGTestRunner" name="runScenario" time="1.570"/>
  <testcase classname="com.dsalgoportal.testrunner.TestNGTestRunner" name="runScenario" time="0.614"/>
  <testcase classname="com.dsalgoportal.testrunner.TestNGTestRunner" name="runScenario" time="0.898"/>
  <testcase classname="com.dsalgoportal.testrunner.TestNGTestRunner" name="runScenario" time="1.219"/>
  <testcase classname="com.dsalgoportal.testrunner.TestNGTestRunner" name="runScenario" time="0.915"/>
  <testcase classname="com.dsalgoportal.testrunner.TestNGTestRunner" name="runScenario" time="1.163"/>
  <testcase classname="com.dsalgoportal.testrunner.TestNGTestRunner" name="runScenario" time="0.899"/>
  <testcase classname="com.dsalgoportal.testrunner.TestNGTestRunner" name="runScenario" time="0.544"/>
  <testcase classname="com.dsalgoportal.testrunner.TestNGTestRunner" name="runScenario" time="0.776"/>
  <testcase classname="com.dsalgoportal.testrunner.TestNGTestRunner" name="runScenario" time="0.345"/>
</testsuite> <!-- com.dsalgoportal.testrunner.TestNGTestRunner -->
