<?xml version="1.0" encoding="UTF-8"?>
<!-- Generated by org.testng.reporters.JUnitReportReporter -->
<testsuite hostname="Anish-PC" failures="0" tests="8" name="com.dsalgoportal.testrunner.TestNGTestRunner" time="9.868" errors="0" timestamp="2023-08-24T14:14:27 CDT" skipped="0">
  <testcase classname="com.dsalgoportal.testrunner.TestNGTestRunner" name="runScenario" time="0.756"/>
  <testcase classname="com.dsalgoportal.testrunner.TestNGTestRunner" name="runScenario" time="1.598"/>
  <testcase classname="com.dsalgoportal.testrunner.TestNGTestRunner" name="runScenario" time="0.752"/>
  <testcase classname="com.dsalgoportal.testrunner.TestNGTestRunner" name="runScenario" time="3.087"/>
  <testcase classname="com.dsalgoportal.testrunner.TestNGTestRunner" name="runScenario" time="0.551"/>
  <testcase classname="com.dsalgoportal.testrunner.TestNGTestRunner" name="runScenario" time="0.931"/>
  <testcase classname="com.dsalgoportal.testrunner.TestNGTestRunner" name="runScenario" time="1.039"/>
  <testcase classname="com.dsalgoportal.testrunner.TestNGTestRunner" name="runScenario" time="1.154"/>
</testsuite> <!-- com.dsalgoportal.testrunner.TestNGTestRunner -->
