<?xml version="1.0" encoding="UTF-8"?>
<!-- Generated by org.testng.reporters.JUnitReportReporter -->
<testsuite hostname="MSI" failures="0" tests="202" name="com.dsalgoportal.testrunner.TestNGTestRunner" time="125.889" errors="0" timestamp="2023-09-27T15:25:28 CDT" skipped="0">
  <testcase classname="com.dsalgoportal.testrunner.TestNGTestRunner" name="runScenario" time="0.413"/>
  <system-out/>
  <testcase classname="com.dsalgoportal.testrunner.TestNGTestRunner" name="runScenario" time="0.246"/>
  <system-out/>
  <testcase classname="com.dsalgoportal.testrunner.TestNGTestRunner" name="runScenario" time="0.459"/>
  <system-out/>
  <testcase classname="com.dsalgoportal.testrunner.TestNGTestRunner" name="runScenario" time="0.402"/>
  <system-out/>
  <testcase classname="com.dsalgoportal.testrunner.TestNGTestRunner" name="runScenario" time="0.224"/>
  <system-out/>
  <testcase classname="com.dsalgoportal.testrunner.TestNGTestRunner" name="runScenario" time="0.613"/>
  <system-out/>
  <testcase classname="com.dsalgoportal.testrunner.TestNGTestRunner" name="runScenario" time="0.371"/>
  <system-out/>
  <testcase classname="com.dsalgoportal.testrunner.TestNGTestRunner" name="runScenario" time="0.433"/>
  <system-out/>
  <testcase classname="com.dsalgoportal.testrunner.TestNGTestRunner" name="runScenario" time="0.262"/>
  <system-out/>
  <testcase classname="com.dsalgoportal.testrunner.TestNGTestRunner" name="runScenario" time="3.512"/>
  <system-out/>
  <testcase classname="com.dsalgoportal.testrunner.TestNGTestRunner" name="runScenario" time="0.327"/>
  <system-out/>
  <testcase classname="com.dsalgoportal.testrunner.TestNGTestRunner" name="runScenario" time="0.241"/>
  <system-out/>
  <testcase classname="com.dsalgoportal.testrunner.TestNGTestRunner" name="runScenario" time="0.586"/>
  <system-out/>
  <testcase classname="com.dsalgoportal.testrunner.TestNGTestRunner" name="runScenario" time="0.563"/>
  <system-out/>
  <testcase classname="com.dsalgoportal.testrunner.TestNGTestRunner" name="runScenario" time="0.218"/>
  <system-out/>
  <testcase classname="com.dsalgoportal.testrunner.TestNGTestRunner" name="runScenario" time="0.478"/>
  <system-out/>
  <testcase classname="com.dsalgoportal.testrunner.TestNGTestRunner" name="runScenario" time="0.209"/>
  <system-out/>
  <testcase classname="com.dsalgoportal.testrunner.TestNGTestRunner" name="runScenario" time="0.238"/>
  <system-out/>
  <testcase classname="com.dsalgoportal.testrunner.TestNGTestRunner" name="runScenario" time="0.238"/>
  <system-out/>
  <testcase classname="com.dsalgoportal.testrunner.TestNGTestRunner" name="runScenario" time="0.303"/>
  <system-out/>
  <testcase classname="com.dsalgoportal.testrunner.TestNGTestRunner" name="runScenario" time="0.540"/>
  <system-out/>
  <testcase classname="com.dsalgoportal.testrunner.TestNGTestRunner" name="runScenario" time="0.224"/>
  <system-out/>
  <testcase classname="com.dsalgoportal.testrunner.TestNGTestRunner" name="runScenario" time="0.437"/>
  <system-out/>
  <testcase classname="com.dsalgoportal.testrunner.TestNGTestRunner" name="runScenario" time="0.281"/>
  <system-out/>
  <testcase classname="com.dsalgoportal.testrunner.TestNGTestRunner" name="runScenario" time="0.208"/>
  <system-out/>
  <testcase classname="com.dsalgoportal.testrunner.TestNGTestRunner" name="runScenario" time="0.195"/>
  <system-out/>
  <testcase classname="com.dsalgoportal.testrunner.TestNGTestRunner" name="runScenario" time="0.257"/>
  <system-out/>
  <testcase classname="com.dsalgoportal.testrunner.TestNGTestRunner" name="runScenario" time="0.279"/>
  <system-out/>
  <testcase classname="com.dsalgoportal.testrunner.TestNGTestRunner" name="runScenario" time="0.269"/>
  <system-out/>
  <testcase classname="com.dsalgoportal.testrunner.TestNGTestRunner" name="runScenario" time="0.236"/>
  <system-out/>
  <testcase classname="com.dsalgoportal.testrunner.TestNGTestRunner" name="runScenario" time="0.325"/>
  <system-out/>
  <testcase classname="com.dsalgoportal.testrunner.TestNGTestRunner" name="runScenario" time="0.272"/>
  <system-out/>
  <testcase classname="com.dsalgoportal.testrunner.TestNGTestRunner" name="runScenario" time="0.252"/>
  <system-out/>
  <testcase classname="com.dsalgoportal.testrunner.TestNGTestRunner" name="runScenario" time="0.292"/>
  <system-out/>
  <testcase classname="com.dsalgoportal.testrunner.TestNGTestRunner" name="runScenario" time="0.572"/>
  <system-out/>
  <testcase classname="com.dsalgoportal.testrunner.TestNGTestRunner" name="runScenario" time="0.421"/>
  <system-out/>
  <testcase classname="com.dsalgoportal.testrunner.TestNGTestRunner" name="runScenario" time="0.247"/>
  <system-out/>
  <testcase classname="com.dsalgoportal.testrunner.TestNGTestRunner" name="runScenario" time="0.531"/>
  <system-out/>
  <testcase classname="com.dsalgoportal.testrunner.TestNGTestRunner" name="runScenario" time="0.193"/>
  <system-out/>
  <testcase classname="com.dsalgoportal.testrunner.TestNGTestRunner" name="runScenario" time="0.377"/>
  <system-out/>
  <testcase classname="com.dsalgoportal.testrunner.TestNGTestRunner" name="runScenario" time="0.537"/>
  <system-out/>
  <testcase classname="com.dsalgoportal.testrunner.TestNGTestRunner" name="runScenario" time="0.440"/>
  <system-out/>
  <testcase classname="com.dsalgoportal.testrunner.TestNGTestRunner" name="runScenario" time="0.636"/>
  <system-out/>
  <testcase classname="com.dsalgoportal.testrunner.TestNGTestRunner" name="runScenario" time="0.251"/>
  <system-out/>
  <testcase classname="com.dsalgoportal.testrunner.TestNGTestRunner" name="runScenario" time="3.402"/>
  <system-out/>
  <testcase classname="com.dsalgoportal.testrunner.TestNGTestRunner" name="runScenario" time="0.445"/>
  <system-out/>
  <testcase classname="com.dsalgoportal.testrunner.TestNGTestRunner" name="runScenario" time="0.196"/>
  <system-out/>
  <testcase classname="com.dsalgoportal.testrunner.TestNGTestRunner" name="runScenario" time="0.250"/>
  <system-out/>
  <testcase classname="com.dsalgoportal.testrunner.TestNGTestRunner" name="runScenario" time="1.130"/>
  <system-out/>
  <testcase classname="com.dsalgoportal.testrunner.TestNGTestRunner" name="runScenario" time="0.576"/>
  <system-out/>
  <testcase classname="com.dsalgoportal.testrunner.TestNGTestRunner" name="runScenario" time="0.425"/>
  <system-out/>
  <testcase classname="com.dsalgoportal.testrunner.TestNGTestRunner" name="runScenario" time="0.610"/>
  <system-out/>
  <testcase classname="com.dsalgoportal.testrunner.TestNGTestRunner" name="runScenario" time="0.188"/>
  <system-out/>
  <testcase classname="com.dsalgoportal.testrunner.TestNGTestRunner" name="runScenario" time="0.527"/>
  <system-out/>
  <testcase classname="com.dsalgoportal.testrunner.TestNGTestRunner" name="runScenario" time="0.538"/>
  <system-out/>
  <testcase classname="com.dsalgoportal.testrunner.TestNGTestRunner" name="runScenario" time="3.508"/>
  <system-out/>
  <testcase classname="com.dsalgoportal.testrunner.TestNGTestRunner" name="runScenario" time="0.183"/>
  <system-out/>
  <testcase classname="com.dsalgoportal.testrunner.TestNGTestRunner" name="runScenario" time="0.257"/>
  <system-out/>
  <testcase classname="com.dsalgoportal.testrunner.TestNGTestRunner" name="runScenario" time="0.243"/>
  <system-out/>
  <testcase classname="com.dsalgoportal.testrunner.TestNGTestRunner" name="runScenario" time="0.224"/>
  <system-out/>
  <testcase classname="com.dsalgoportal.testrunner.TestNGTestRunner" name="runScenario" time="0.267"/>
  <system-out/>
  <testcase classname="com.dsalgoportal.testrunner.TestNGTestRunner" name="runScenario" time="0.246"/>
  <system-out/>
  <testcase classname="com.dsalgoportal.testrunner.TestNGTestRunner" name="runScenario" time="0.485"/>
  <system-out/>
  <testcase classname="com.dsalgoportal.testrunner.TestNGTestRunner" name="runScenario" time="0.305"/>
  <system-out/>
  <testcase classname="com.dsalgoportal.testrunner.TestNGTestRunner" name="runScenario" time="0.208"/>
  <system-out/>
  <testcase classname="com.dsalgoportal.testrunner.TestNGTestRunner" name="runScenario" time="0.231"/>
  <system-out/>
  <testcase classname="com.dsalgoportal.testrunner.TestNGTestRunner" name="runScenario" time="0.447"/>
  <system-out/>
  <testcase classname="com.dsalgoportal.testrunner.TestNGTestRunner" name="runScenario" time="0.536"/>
  <system-out/>
  <testcase classname="com.dsalgoportal.testrunner.TestNGTestRunner" name="runScenario" time="0.220"/>
  <system-out/>
  <testcase classname="com.dsalgoportal.testrunner.TestNGTestRunner" name="runScenario" time="1.222"/>
  <system-out/>
  <testcase classname="com.dsalgoportal.testrunner.TestNGTestRunner" name="runScenario" time="0.269"/>
  <system-out/>
  <testcase classname="com.dsalgoportal.testrunner.TestNGTestRunner" name="runScenario" time="0.442"/>
  <system-out/>
  <testcase classname="com.dsalgoportal.testrunner.TestNGTestRunner" name="runScenario" time="0.247"/>
  <system-out/>
  <testcase classname="com.dsalgoportal.testrunner.TestNGTestRunner" name="runScenario" time="0.418"/>
  <system-out/>
  <testcase classname="com.dsalgoportal.testrunner.TestNGTestRunner" name="runScenario" time="3.424"/>
  <system-out/>
  <testcase classname="com.dsalgoportal.testrunner.TestNGTestRunner" name="runScenario" time="0.506"/>
  <system-out/>
  <testcase classname="com.dsalgoportal.testrunner.TestNGTestRunner" name="runScenario" time="0.549"/>
  <system-out/>
  <testcase classname="com.dsalgoportal.testrunner.TestNGTestRunner" name="runScenario" time="0.254"/>
  <system-out/>
  <testcase classname="com.dsalgoportal.testrunner.TestNGTestRunner" name="runScenario" time="3.379"/>
  <system-out/>
  <testcase classname="com.dsalgoportal.testrunner.TestNGTestRunner" name="runScenario" time="0.283"/>
  <system-out/>
  <testcase classname="com.dsalgoportal.testrunner.TestNGTestRunner" name="runScenario" time="0.273"/>
  <system-out/>
  <testcase classname="com.dsalgoportal.testrunner.TestNGTestRunner" name="runScenario" time="1.161"/>
  <system-out/>
  <testcase classname="com.dsalgoportal.testrunner.TestNGTestRunner" name="runScenario" time="0.529"/>
  <system-out/>
  <testcase classname="com.dsalgoportal.testrunner.TestNGTestRunner" name="runScenario" time="0.316"/>
  <system-out/>
  <testcase classname="com.dsalgoportal.testrunner.TestNGTestRunner" name="runScenario" time="0.244"/>
  <system-out/>
  <testcase classname="com.dsalgoportal.testrunner.TestNGTestRunner" name="runScenario" time="0.503"/>
  <system-out/>
  <testcase classname="com.dsalgoportal.testrunner.TestNGTestRunner" name="runScenario" time="0.417"/>
  <system-out/>
  <testcase classname="com.dsalgoportal.testrunner.TestNGTestRunner" name="runScenario" time="0.250"/>
  <system-out/>
  <testcase classname="com.dsalgoportal.testrunner.TestNGTestRunner" name="runScenario" time="0.225"/>
  <system-out/>
  <testcase classname="com.dsalgoportal.testrunner.TestNGTestRunner" name="runScenario" time="0.249"/>
  <system-out/>
  <testcase classname="com.dsalgoportal.testrunner.TestNGTestRunner" name="runScenario" time="0.339"/>
  <system-out/>
  <testcase classname="com.dsalgoportal.testrunner.TestNGTestRunner" name="runScenario" time="0.396"/>
  <system-out/>
  <testcase classname="com.dsalgoportal.testrunner.TestNGTestRunner" name="runScenario" time="0.308"/>
  <system-out/>
  <testcase classname="com.dsalgoportal.testrunner.TestNGTestRunner" name="runScenario" time="0.285"/>
  <system-out/>
  <testcase classname="com.dsalgoportal.testrunner.TestNGTestRunner" name="runScenario" time="3.503"/>
  <system-out/>
  <testcase classname="com.dsalgoportal.testrunner.TestNGTestRunner" name="runScenario" time="1.166"/>
  <system-out/>
  <testcase classname="com.dsalgoportal.testrunner.TestNGTestRunner" name="runScenario" time="0.254"/>
  <system-out/>
  <testcase classname="com.dsalgoportal.testrunner.TestNGTestRunner" name="runScenario" time="0.501"/>
  <system-out/>
  <testcase classname="com.dsalgoportal.testrunner.TestNGTestRunner" name="runScenario" time="0.244"/>
  <system-out/>
  <testcase classname="com.dsalgoportal.testrunner.TestNGTestRunner" name="runScenario" time="0.642"/>
  <system-out/>
  <testcase classname="com.dsalgoportal.testrunner.TestNGTestRunner" name="runScenario" time="0.446"/>
  <system-out/>
  <testcase classname="com.dsalgoportal.testrunner.TestNGTestRunner" name="runScenario" time="0.442"/>
  <system-out/>
  <testcase classname="com.dsalgoportal.testrunner.TestNGTestRunner" name="runScenario" time="0.449"/>
  <system-out/>
  <testcase classname="com.dsalgoportal.testrunner.TestNGTestRunner" name="runScenario" time="0.408"/>
  <system-out/>
  <testcase classname="com.dsalgoportal.testrunner.TestNGTestRunner" name="runScenario" time="0.243"/>
  <system-out/>
  <testcase classname="com.dsalgoportal.testrunner.TestNGTestRunner" name="runScenario" time="0.241"/>
  <system-out/>
  <testcase classname="com.dsalgoportal.testrunner.TestNGTestRunner" name="runScenario" time="0.594"/>
  <system-out/>
  <testcase classname="com.dsalgoportal.testrunner.TestNGTestRunner" name="runScenario" time="0.172"/>
  <system-out/>
  <testcase classname="com.dsalgoportal.testrunner.TestNGTestRunner" name="runScenario" time="0.284"/>
  <system-out/>
  <testcase classname="com.dsalgoportal.testrunner.TestNGTestRunner" name="runScenario" time="3.372"/>
  <system-out/>
  <testcase classname="com.dsalgoportal.testrunner.TestNGTestRunner" name="runScenario" time="0.230"/>
  <system-out/>
  <testcase classname="com.dsalgoportal.testrunner.TestNGTestRunner" name="runScenario" time="3.444"/>
  <system-out/>
  <testcase classname="com.dsalgoportal.testrunner.TestNGTestRunner" name="runScenario" time="0.343"/>
  <system-out/>
  <testcase classname="com.dsalgoportal.testrunner.TestNGTestRunner" name="runScenario" time="0.209"/>
  <system-out/>
  <testcase classname="com.dsalgoportal.testrunner.TestNGTestRunner" name="runScenario" time="0.643"/>
  <system-out/>
  <testcase classname="com.dsalgoportal.testrunner.TestNGTestRunner" name="runScenario" time="0.485"/>
  <system-out/>
  <testcase classname="com.dsalgoportal.testrunner.TestNGTestRunner" name="runScenario" time="0.424"/>
  <system-out/>
  <testcase classname="com.dsalgoportal.testrunner.TestNGTestRunner" name="runScenario" time="1.222"/>
  <system-out/>
  <testcase classname="com.dsalgoportal.testrunner.TestNGTestRunner" name="runScenario" time="0.278"/>
  <system-out/>
  <testcase classname="com.dsalgoportal.testrunner.TestNGTestRunner" name="runScenario" time="0.613"/>
  <system-out/>
  <testcase classname="com.dsalgoportal.testrunner.TestNGTestRunner" name="runScenario" time="1.292"/>
  <system-out/>
  <testcase classname="com.dsalgoportal.testrunner.TestNGTestRunner" name="runScenario" time="0.204"/>
  <system-out/>
  <testcase classname="com.dsalgoportal.testrunner.TestNGTestRunner" name="runScenario" time="0.395"/>
  <system-out/>
  <testcase classname="com.dsalgoportal.testrunner.TestNGTestRunner" name="runScenario" time="0.551"/>
  <system-out/>
  <testcase classname="com.dsalgoportal.testrunner.TestNGTestRunner" name="runScenario" time="0.227"/>
  <system-out/>
  <testcase classname="com.dsalgoportal.testrunner.TestNGTestRunner" name="runScenario" time="0.411"/>
  <system-out/>
  <testcase classname="com.dsalgoportal.testrunner.TestNGTestRunner" name="runScenario" time="0.278"/>
  <system-out/>
  <testcase classname="com.dsalgoportal.testrunner.TestNGTestRunner" name="runScenario" time="0.875"/>
  <system-out/>
  <testcase classname="com.dsalgoportal.testrunner.TestNGTestRunner" name="runScenario" time="0.239"/>
  <system-out/>
  <testcase classname="com.dsalgoportal.testrunner.TestNGTestRunner" name="runScenario" time="0.440"/>
  <system-out/>
  <testcase classname="com.dsalgoportal.testrunner.TestNGTestRunner" name="runScenario" time="0.620"/>
  <system-out/>
  <testcase classname="com.dsalgoportal.testrunner.TestNGTestRunner" name="runScenario" time="0.273"/>
  <system-out/>
  <testcase classname="com.dsalgoportal.testrunner.TestNGTestRunner" name="runScenario" time="0.461"/>
  <system-out/>
  <testcase classname="com.dsalgoportal.testrunner.TestNGTestRunner" name="runScenario" time="0.217"/>
  <system-out/>
  <testcase classname="com.dsalgoportal.testrunner.TestNGTestRunner" name="runScenario" time="3.383"/>
  <system-out/>
  <testcase classname="com.dsalgoportal.testrunner.TestNGTestRunner" name="runScenario" time="3.508"/>
  <system-out/>
  <testcase classname="com.dsalgoportal.testrunner.TestNGTestRunner" name="runScenario" time="0.241"/>
  <system-out/>
  <testcase classname="com.dsalgoportal.testrunner.TestNGTestRunner" name="runScenario" time="0.439"/>
  <system-out/>
  <testcase classname="com.dsalgoportal.testrunner.TestNGTestRunner" name="runScenario" time="0.246"/>
  <system-out/>
  <testcase classname="com.dsalgoportal.testrunner.TestNGTestRunner" name="runScenario" time="0.317"/>
  <system-out/>
  <testcase classname="com.dsalgoportal.testrunner.TestNGTestRunner" name="runScenario" time="0.225"/>
  <system-out/>
  <testcase classname="com.dsalgoportal.testrunner.TestNGTestRunner" name="runScenario" time="0.241"/>
  <system-out/>
  <testcase classname="com.dsalgoportal.testrunner.TestNGTestRunner" name="runScenario" time="0.266"/>
  <system-out/>
  <testcase classname="com.dsalgoportal.testrunner.TestNGTestRunner" name="runScenario" time="0.507"/>
  <system-out/>
  <testcase classname="com.dsalgoportal.testrunner.TestNGTestRunner" name="runScenario" time="0.212"/>
  <system-out/>
  <testcase classname="com.dsalgoportal.testrunner.TestNGTestRunner" name="runScenario" time="0.397"/>
  <system-out/>
  <testcase classname="com.dsalgoportal.testrunner.TestNGTestRunner" name="runScenario" time="0.229"/>
  <system-out/>
  <testcase classname="com.dsalgoportal.testrunner.TestNGTestRunner" name="runScenario" time="0.191"/>
  <system-out/>
  <testcase classname="com.dsalgoportal.testrunner.TestNGTestRunner" name="runScenario" time="0.266"/>
  <system-out/>
  <testcase classname="com.dsalgoportal.testrunner.TestNGTestRunner" name="runScenario" time="3.376"/>
  <system-out/>
  <testcase classname="com.dsalgoportal.testrunner.TestNGTestRunner" name="runScenario" time="3.602"/>
  <system-out/>
  <testcase classname="com.dsalgoportal.testrunner.TestNGTestRunner" name="runScenario" time="0.270"/>
  <system-out/>
  <testcase classname="com.dsalgoportal.testrunner.TestNGTestRunner" name="runScenario" time="0.340"/>
  <system-out/>
  <testcase classname="com.dsalgoportal.testrunner.TestNGTestRunner" name="runScenario" time="0.210"/>
  <system-out/>
  <testcase classname="com.dsalgoportal.testrunner.TestNGTestRunner" name="runScenario" time="0.219"/>
  <system-out/>
  <testcase classname="com.dsalgoportal.testrunner.TestNGTestRunner" name="runScenario" time="0.258"/>
  <system-out/>
  <testcase classname="com.dsalgoportal.testrunner.TestNGTestRunner" name="runScenario" time="3.355"/>
  <system-out/>
  <testcase classname="com.dsalgoportal.testrunner.TestNGTestRunner" name="runScenario" time="0.395"/>
  <system-out/>
  <testcase classname="com.dsalgoportal.testrunner.TestNGTestRunner" name="runScenario" time="0.473"/>
  <system-out/>
  <testcase classname="com.dsalgoportal.testrunner.TestNGTestRunner" name="runScenario" time="0.588"/>
  <system-out/>
  <testcase classname="com.dsalgoportal.testrunner.TestNGTestRunner" name="runScenario" time="0.401"/>
  <system-out/>
  <testcase classname="com.dsalgoportal.testrunner.TestNGTestRunner" name="runScenario" time="0.211"/>
  <system-out/>
  <testcase classname="com.dsalgoportal.testrunner.TestNGTestRunner" name="runScenario" time="0.368"/>
  <system-out/>
  <testcase classname="com.dsalgoportal.testrunner.TestNGTestRunner" name="runScenario" time="0.385"/>
  <system-out/>
  <testcase classname="com.dsalgoportal.testrunner.TestNGTestRunner" name="runScenario" time="3.478"/>
  <system-out/>
  <testcase classname="com.dsalgoportal.testrunner.TestNGTestRunner" name="runScenario" time="0.262"/>
  <system-out/>
  <testcase classname="com.dsalgoportal.testrunner.TestNGTestRunner" name="runScenario" time="0.361"/>
  <system-out/>
  <testcase classname="com.dsalgoportal.testrunner.TestNGTestRunner" name="runScenario" time="0.419"/>
  <system-out/>
  <testcase classname="com.dsalgoportal.testrunner.TestNGTestRunner" name="runScenario" time="0.309"/>
  <system-out/>
  <testcase classname="com.dsalgoportal.testrunner.TestNGTestRunner" name="runScenario" time="0.723"/>
  <system-out/>
  <testcase classname="com.dsalgoportal.testrunner.TestNGTestRunner" name="runScenario" time="0.585"/>
  <system-out/>
  <testcase classname="com.dsalgoportal.testrunner.TestNGTestRunner" name="runScenario" time="3.541"/>
  <system-out/>
  <testcase classname="com.dsalgoportal.testrunner.TestNGTestRunner" name="runScenario" time="0.652"/>
  <system-out/>
  <testcase classname="com.dsalgoportal.testrunner.TestNGTestRunner" name="runScenario" time="0.236"/>
  <system-out/>
  <testcase classname="com.dsalgoportal.testrunner.TestNGTestRunner" name="runScenario" time="0.408"/>
  <system-out/>
  <testcase classname="com.dsalgoportal.testrunner.TestNGTestRunner" name="runScenario" time="0.208"/>
  <system-out/>
  <testcase classname="com.dsalgoportal.testrunner.TestNGTestRunner" name="runScenario" time="0.207"/>
  <system-out/>
  <testcase classname="com.dsalgoportal.testrunner.TestNGTestRunner" name="runScenario" time="0.649"/>
  <system-out/>
  <testcase classname="com.dsalgoportal.testrunner.TestNGTestRunner" name="runScenario" time="0.603"/>
  <system-out/>
  <testcase classname="com.dsalgoportal.testrunner.TestNGTestRunner" name="runScenario" time="0.233"/>
  <system-out/>
  <testcase classname="com.dsalgoportal.testrunner.TestNGTestRunner" name="runScenario" time="0.247"/>
  <system-out/>
  <testcase classname="com.dsalgoportal.testrunner.TestNGTestRunner" name="runScenario" time="0.231"/>
  <system-out/>
  <testcase classname="com.dsalgoportal.testrunner.TestNGTestRunner" name="runScenario" time="0.229"/>
  <system-out/>
  <testcase classname="com.dsalgoportal.testrunner.TestNGTestRunner" name="runScenario" time="0.533"/>
  <system-out/>
  <testcase classname="com.dsalgoportal.testrunner.TestNGTestRunner" name="runScenario" time="0.316"/>
  <system-out/>
  <testcase classname="com.dsalgoportal.testrunner.TestNGTestRunner" name="runScenario" time="0.559"/>
  <system-out/>
  <testcase classname="com.dsalgoportal.testrunner.TestNGTestRunner" name="runScenario" time="0.242"/>
  <system-out/>
  <testcase classname="com.dsalgoportal.testrunner.TestNGTestRunner" name="runScenario" time="0.229"/>
  <system-out/>
  <testcase classname="com.dsalgoportal.testrunner.TestNGTestRunner" name="runScenario" time="0.254"/>
  <system-out/>
  <testcase classname="com.dsalgoportal.testrunner.TestNGTestRunner" name="runScenario" time="0.255"/>
  <system-out/>
  <testcase classname="com.dsalgoportal.testrunner.TestNGTestRunner" name="runScenario" time="0.269"/>
  <system-out/>
  <testcase classname="com.dsalgoportal.testrunner.TestNGTestRunner" name="runScenario" time="0.412"/>
  <system-out/>
  <testcase classname="com.dsalgoportal.testrunner.TestNGTestRunner" name="runScenario" time="0.213"/>
  <system-out/>
  <testcase classname="com.dsalgoportal.testrunner.TestNGTestRunner" name="runScenario" time="0.211"/>
  <system-out/>
  <testcase classname="com.dsalgoportal.testrunner.TestNGTestRunner" name="runScenario" time="0.174"/>
  <system-out/>
  <testcase classname="com.dsalgoportal.testrunner.TestNGTestRunner" name="runScenario" time="0.231"/>
  <system-out/>
  <testcase classname="com.dsalgoportal.testrunner.TestNGTestRunner" name="runScenario" time="0.197"/>
  <system-out/>
  <testcase classname="com.dsalgoportal.testrunner.TestNGTestRunner" name="runScenario" time="0.167"/>
  <system-out/>
  <testcase classname="com.dsalgoportal.testrunner.TestNGTestRunner" name="runScenario" time="0.265"/>
  <system-out/>
  <testcase classname="com.dsalgoportal.testrunner.TestNGTestRunner" name="runScenario" time="3.548"/>
  <system-out/>
  <testcase classname="com.dsalgoportal.testrunner.TestNGTestRunner" name="runScenario" time="0.206"/>
  <system-out/>
  <testcase classname="com.dsalgoportal.testrunner.TestNGTestRunner" name="runScenario" time="0.830"/>
  <system-out/>
</testsuite> <!-- com.dsalgoportal.testrunner.TestNGTestRunner -->
