<?xml version="1.0" encoding="UTF-8"?>
<!-- Generated by org.testng.reporters.JUnitReportReporter -->
<testsuite hostname="Battulas-Air.lan" failures="0" tests="31" name="com.dsalgoportal.testrunner.TestNGTestRunner" time="8.525" errors="0" timestamp="2023-09-13T19:59:29 CDT" skipped="0">
  <testcase classname="com.dsalgoportal.testrunner.TestNGTestRunner" name="runScenario" time="0.219"/>
  <testcase classname="com.dsalgoportal.testrunner.TestNGTestRunner" name="runScenario" time="0.301"/>
  <testcase classname="com.dsalgoportal.testrunner.TestNGTestRunner" name="runScenario" time="0.270"/>
  <testcase classname="com.dsalgoportal.testrunner.TestNGTestRunner" name="runScenario" time="0.624"/>
  <testcase classname="com.dsalgoportal.testrunner.TestNGTestRunner" name="runScenario" time="1.354"/>
  <testcase classname="com.dsalgoportal.testrunner.TestNGTestRunner" name="runScenario" time="0.318"/>
  <testcase classname="com.dsalgoportal.testrunner.TestNGTestRunner" name="runScenario" time="0.087"/>
  <testcase classname="com.dsalgoportal.testrunner.TestNGTestRunner" name="runScenario" time="0.207"/>
  <testcase classname="com.dsalgoportal.testrunner.TestNGTestRunner" name="runScenario" time="0.283"/>
  <testcase classname="com.dsalgoportal.testrunner.TestNGTestRunner" name="runScenario" time="0.495"/>
  <testcase classname="com.dsalgoportal.testrunner.TestNGTestRunner" name="runScenario" time="0.222"/>
  <testcase classname="com.dsalgoportal.testrunner.TestNGTestRunner" name="runScenario" time="0.164"/>
  <testcase classname="com.dsalgoportal.testrunner.TestNGTestRunner" name="runScenario" time="0.220"/>
  <testcase classname="com.dsalgoportal.testrunner.TestNGTestRunner" name="runScenario" time="0.288"/>
  <testcase classname="com.dsalgoportal.testrunner.TestNGTestRunner" name="runScenario" time="0.096"/>
  <testcase classname="com.dsalgoportal.testrunner.TestNGTestRunner" name="runScenario" time="0.207"/>
  <testcase classname="com.dsalgoportal.testrunner.TestNGTestRunner" name="runScenario" time="0.126"/>
  <testcase classname="com.dsalgoportal.testrunner.TestNGTestRunner" name="runScenario" time="0.286"/>
  <testcase classname="com.dsalgoportal.testrunner.TestNGTestRunner" name="runScenario" time="0.055"/>
  <testcase classname="com.dsalgoportal.testrunner.TestNGTestRunner" name="runScenario" time="0.296"/>
  <testcase classname="com.dsalgoportal.testrunner.TestNGTestRunner" name="runScenario" time="0.086"/>
  <testcase classname="com.dsalgoportal.testrunner.TestNGTestRunner" name="runScenario" time="0.266"/>
  <testcase classname="com.dsalgoportal.testrunner.TestNGTestRunner" name="runScenario" time="0.222"/>
  <testcase classname="com.dsalgoportal.testrunner.TestNGTestRunner" name="runScenario" time="0.282"/>
  <testcase classname="com.dsalgoportal.testrunner.TestNGTestRunner" name="runScenario" time="0.207"/>
  <testcase classname="com.dsalgoportal.testrunner.TestNGTestRunner" name="runScenario" time="0.176"/>
  <testcase classname="com.dsalgoportal.testrunner.TestNGTestRunner" name="runScenario" time="0.090"/>
  <testcase classname="com.dsalgoportal.testrunner.TestNGTestRunner" name="runScenario" time="0.620"/>
  <testcase classname="com.dsalgoportal.testrunner.TestNGTestRunner" name="runScenario" time="0.285"/>
  <testcase classname="com.dsalgoportal.testrunner.TestNGTestRunner" name="runScenario" time="0.086"/>
  <testcase classname="com.dsalgoportal.testrunner.TestNGTestRunner" name="runScenario" time="0.087"/>
</testsuite> <!-- com.dsalgoportal.testrunner.TestNGTestRunner -->
